<html>
<head>
<title>TestNG:  NegativeTesting</title>
<link href="../testng.css" rel="stylesheet" type="text/css" />
<link href="../my-testng.css" rel="stylesheet" type="text/css" />

<style type="text/css">
.log { display: none;} 
.stack-trace { display: none;} 
</style>
<script type="text/javascript">
<!--
function flip(e) {
  current = e.style.display;
  if (current == 'block') {
    e.style.display = 'none';
    return 0;
  }
  else {
    e.style.display = 'block';
    return 1;
  }
}

function toggleBox(szDivId, elem, msg1, msg2)
{
  var res = -1;  if (document.getElementById) {
    res = flip(document.getElementById(szDivId));
  }
  else if (document.all) {
    // this is the way old msie versions work
    res = flip(document.all[szDivId]);
  }
  if(elem) {
    if(res == 0) elem.innerHTML = msg1; else elem.innerHTML = msg2;
  }

}

function toggleAllBoxes() {
  if (document.getElementsByTagName) {
    d = document.getElementsByTagName('div');
    for (i = 0; i < d.length; i++) {
      if (d[i].className == 'log') {
        flip(d[i]);
      }
    }
  }
}

// -->
</script>

</head>
<body>
<h2 align='center'>NegativeTesting</h2><table border='1' align="center">
<tr>
<td>Tests passed/Failed/Skipped:</td><td>16/2/0</td>
</tr><tr>
<td>Started on:</td><td>Fri Feb 16 15:14:00 EST 2024</td>
</tr>
<tr><td>Total time:</td><td>5 seconds (5004 ms)</td>
</tr><tr>
<td>Included groups:</td><td>NegativeTest </td>
</tr><tr>
<td>Excluded groups:</td><td></td>
</tr>
</table><p/>
<small><i>(Hover the method name to see the test class name)</i></small><p/>
<table width='100%' border='1' class='invocation-failed'>
<tr><td colspan='4' align='center'><b>FAILED TESTS</b></td></tr>
<tr><td><b>Test method</b></td>
<td><b>Attribute(s)</b></td>
<td width="30%"><b>Exception</b></td>
<td width="10%"><b>Time (seconds)</b></td>
<td><b>Instance</b></td>
</tr>
<tr>
<td title='com.APITesting.UserAPIController.TestCase.ApiRequest.postUsersNegative()'><b>postUsersNegative</b><br>Test class: com.APITesting.UserAPIController.TestCase.ApiRequest</td>
<td><div><pre>java.lang.RuntimeException: org.json.JSONException: JSONObject[&quot;street&quot;] not found.
	at java.base/java.util.ArrayList.forEach(ArrayList.java:1507)
Caused by: org.json.JSONException: JSONObject[&quot;street&quot;] not found.
	at org.json.JSONObject.get(JSONObject.java:595)
	at org.json.JSONObject.getString(JSONObject.java:882)
	at com.APITesting.UserAPIController.TestCase.ApiRequest.getRecordsFromJSONForPost(ApiRequest.java:407)
	... 25 more
... Removed 32 stack frames</pre></div><a href='#' onClick='toggleBox("stack-trace1738604325", this, "Click to show all stack frames", "Click to hide stack frames")'>Click to show all stack frames</a>
<div class='stack-trace' id='stack-trace1738604325'><pre>java.lang.RuntimeException: org.json.JSONException: JSONObject[&quot;street&quot;] not found.
	at org.testng.internal.invokers.MethodInvocationHelper.invokeMethodNoCheckedException(MethodInvocationHelper.java:57)
	at org.testng.internal.invokers.MethodInvocationHelper.invokeDataProvider(MethodInvocationHelper.java:157)
	at org.testng.internal.Parameters.handleParameters(Parameters.java:803)
	at org.testng.internal.Parameters.handleParameters(Parameters.java:728)
	at org.testng.internal.invokers.ParameterHandler.handleParameters(ParameterHandler.java:72)
	at org.testng.internal.invokers.ParameterHandler.createParameters(ParameterHandler.java:51)
	at org.testng.internal.invokers.TestInvoker$MethodInvocationAgent.invoke(TestInvoker.java:924)
	at org.testng.internal.invokers.TestInvoker.invokeTestMethods(TestInvoker.java:194)
	at org.testng.internal.invokers.TestMethodWorker.invokeTestMethods(TestMethodWorker.java:148)
	at org.testng.internal.invokers.TestMethodWorker.run(TestMethodWorker.java:128)
	at java.base/java.util.ArrayList.forEach(ArrayList.java:1507)
	at org.testng.TestRunner.privateRun(TestRunner.java:829)
	at org.testng.TestRunner.run(TestRunner.java:602)
	at org.testng.SuiteRunner.runTest(SuiteRunner.java:437)
	at org.testng.SuiteRunner.runSequentially(SuiteRunner.java:431)
	at org.testng.SuiteRunner.privateRun(SuiteRunner.java:391)
	at org.testng.SuiteRunner.run(SuiteRunner.java:330)
	at org.testng.SuiteRunnerWorker.runSuite(SuiteRunnerWorker.java:52)
	at org.testng.SuiteRunnerWorker.run(SuiteRunnerWorker.java:95)
	at org.testng.TestNG.runSuitesSequentially(TestNG.java:1256)
	at org.testng.TestNG.runSuitesLocally(TestNG.java:1176)
	at org.testng.TestNG.runSuites(TestNG.java:1099)
	at org.testng.TestNG.run(TestNG.java:1067)
	at org.testng.remote.AbstractRemoteTestNG.run(AbstractRemoteTestNG.java:115)
	at org.testng.remote.RemoteTestNG.initAndRun(RemoteTestNG.java:251)
	at org.testng.remote.RemoteTestNG.main(RemoteTestNG.java:77)
Caused by: org.json.JSONException: JSONObject[&quot;street&quot;] not found.
	at org.json.JSONObject.get(JSONObject.java:595)
	at org.json.JSONObject.getString(JSONObject.java:882)
	at com.APITesting.UserAPIController.TestCase.ApiRequest.getRecordsFromJSONForPost(ApiRequest.java:407)
	at java.base/jdk.internal.reflect.NativeMethodAccessorImpl.invoke0(Native Method)
	at java.base/jdk.internal.reflect.NativeMethodAccessorImpl.invoke(NativeMethodAccessorImpl.java:62)
	at java.base/jdk.internal.reflect.DelegatingMethodAccessorImpl.invoke(DelegatingMethodAccessorImpl.java:43)
	at java.base/java.lang.reflect.Method.invoke(Method.java:567)
	at org.testng.internal.invokers.MethodInvocationHelper.invokeMethod(MethodInvocationHelper.java:139)
	at org.testng.internal.invokers.MethodInvocationHelper.invokeMethod(MethodInvocationHelper.java:84)
	at org.testng.internal.invokers.MethodInvocationHelper.invokeMethodNoCheckedException(MethodInvocationHelper.java:53)
	... 25 more
</pre></div></td>
<td>0</td>
<td>com.APITesting.UserAPIController.TestCase.ApiRequest@4b9df8a</td></tr>
<tr>
<td title='com.APITesting.UserAPIController.TestCase.ApiRequest.putUserNegative()'><b>putUserNegative</b><br>Test class: com.APITesting.UserAPIController.TestCase.ApiRequest</td>
<td><div><pre>java.lang.RuntimeException: org.json.JSONException: JSONObject[&quot;street&quot;] not found.
	at java.base/java.util.ArrayList.forEach(ArrayList.java:1507)
Caused by: org.json.JSONException: JSONObject[&quot;street&quot;] not found.
	at org.json.JSONObject.get(JSONObject.java:595)
	at org.json.JSONObject.getString(JSONObject.java:882)
	at com.APITesting.UserAPIController.TestCase.ApiRequest.getRecordsFromJSONForPutNegative(ApiRequest.java:469)
	... 25 more
... Removed 32 stack frames</pre></div><a href='#' onClick='toggleBox("stack-trace1996248711", this, "Click to show all stack frames", "Click to hide stack frames")'>Click to show all stack frames</a>
<div class='stack-trace' id='stack-trace1996248711'><pre>java.lang.RuntimeException: org.json.JSONException: JSONObject[&quot;street&quot;] not found.
	at org.testng.internal.invokers.MethodInvocationHelper.invokeMethodNoCheckedException(MethodInvocationHelper.java:57)
	at org.testng.internal.invokers.MethodInvocationHelper.invokeDataProvider(MethodInvocationHelper.java:157)
	at org.testng.internal.Parameters.handleParameters(Parameters.java:803)
	at org.testng.internal.Parameters.handleParameters(Parameters.java:728)
	at org.testng.internal.invokers.ParameterHandler.handleParameters(ParameterHandler.java:72)
	at org.testng.internal.invokers.ParameterHandler.createParameters(ParameterHandler.java:51)
	at org.testng.internal.invokers.TestInvoker$MethodInvocationAgent.invoke(TestInvoker.java:924)
	at org.testng.internal.invokers.TestInvoker.invokeTestMethods(TestInvoker.java:194)
	at org.testng.internal.invokers.TestMethodWorker.invokeTestMethods(TestMethodWorker.java:148)
	at org.testng.internal.invokers.TestMethodWorker.run(TestMethodWorker.java:128)
	at java.base/java.util.ArrayList.forEach(ArrayList.java:1507)
	at org.testng.TestRunner.privateRun(TestRunner.java:829)
	at org.testng.TestRunner.run(TestRunner.java:602)
	at org.testng.SuiteRunner.runTest(SuiteRunner.java:437)
	at org.testng.SuiteRunner.runSequentially(SuiteRunner.java:431)
	at org.testng.SuiteRunner.privateRun(SuiteRunner.java:391)
	at org.testng.SuiteRunner.run(SuiteRunner.java:330)
	at org.testng.SuiteRunnerWorker.runSuite(SuiteRunnerWorker.java:52)
	at org.testng.SuiteRunnerWorker.run(SuiteRunnerWorker.java:95)
	at org.testng.TestNG.runSuitesSequentially(TestNG.java:1256)
	at org.testng.TestNG.runSuitesLocally(TestNG.java:1176)
	at org.testng.TestNG.runSuites(TestNG.java:1099)
	at org.testng.TestNG.run(TestNG.java:1067)
	at org.testng.remote.AbstractRemoteTestNG.run(AbstractRemoteTestNG.java:115)
	at org.testng.remote.RemoteTestNG.initAndRun(RemoteTestNG.java:251)
	at org.testng.remote.RemoteTestNG.main(RemoteTestNG.java:77)
Caused by: org.json.JSONException: JSONObject[&quot;street&quot;] not found.
	at org.json.JSONObject.get(JSONObject.java:595)
	at org.json.JSONObject.getString(JSONObject.java:882)
	at com.APITesting.UserAPIController.TestCase.ApiRequest.getRecordsFromJSONForPutNegative(ApiRequest.java:469)
	at java.base/jdk.internal.reflect.NativeMethodAccessorImpl.invoke0(Native Method)
	at java.base/jdk.internal.reflect.NativeMethodAccessorImpl.invoke(NativeMethodAccessorImpl.java:62)
	at java.base/jdk.internal.reflect.DelegatingMethodAccessorImpl.invoke(DelegatingMethodAccessorImpl.java:43)
	at java.base/java.lang.reflect.Method.invoke(Method.java:567)
	at org.testng.internal.invokers.MethodInvocationHelper.invokeMethod(MethodInvocationHelper.java:139)
	at org.testng.internal.invokers.MethodInvocationHelper.invokeMethod(MethodInvocationHelper.java:84)
	at org.testng.internal.invokers.MethodInvocationHelper.invokeMethodNoCheckedException(MethodInvocationHelper.java:53)
	... 25 more
</pre></div></td>
<td>0</td>
<td>com.APITesting.UserAPIController.TestCase.ApiRequest@4b9df8a</td></tr>
</table><p>
<table width='100%' border='1' class='invocation-passed'>
<tr><td colspan='4' align='center'><b>PASSED TESTS</b></td></tr>
<tr><td><b>Test method</b></td>
<td><b>Attribute(s)</b></td>
<td width="30%"><b>Exception</b></td>
<td width="10%"><b>Time (seconds)</b></td>
<td><b>Instance</b></td>
</tr>
<tr>
<td title='com.APITesting.UserAPIController.TestCase.ApiRequest.getUserByNameNegative()'><b>getUserByNameNegative</b><br>Test class: com.APITesting.UserAPIController.TestCase.ApiRequest<br>Parameters: 1234</td>
<td></td>
<td>0</td>
<td>com.APITesting.UserAPIController.TestCase.ApiRequest@4b9df8a</td></tr>
<tr>
<td title='com.APITesting.UserAPIController.TestCase.ApiRequest.deleteUserByIdNegative()'><b>deleteUserByIdNegative</b><br>Test class: com.APITesting.UserAPIController.TestCase.ApiRequest<br>Parameters: 7433</td>
<td></td>
<td>0</td>
<td>com.APITesting.UserAPIController.TestCase.ApiRequest@4b9df8a</td></tr>
<tr>
<td title='com.APITesting.UserAPIController.TestCase.ApiRequest.getUserByIdNegative()'><b>getUserByIdNegative</b><br>Test class: com.APITesting.UserAPIController.TestCase.ApiRequest<br>Parameters: ****</td>
<td></td>
<td>0</td>
<td>com.APITesting.UserAPIController.TestCase.ApiRequest@4b9df8a</td></tr>
<tr>
<td title='com.APITesting.UserAPIController.TestCase.ApiRequest.getUserByIdNegative()'><b>getUserByIdNegative</b><br>Test class: com.APITesting.UserAPIController.TestCase.ApiRequest<br>Parameters: 0</td>
<td></td>
<td>0</td>
<td>com.APITesting.UserAPIController.TestCase.ApiRequest@4b9df8a</td></tr>
<tr>
<td title='com.APITesting.UserAPIController.TestCase.ApiRequest.getUserByNameNegative()'><b>getUserByNameNegative</b><br>Test class: com.APITesting.UserAPIController.TestCase.ApiRequest<br>Parameters: Penqui</td>
<td></td>
<td>0</td>
<td>com.APITesting.UserAPIController.TestCase.ApiRequest@4b9df8a</td></tr>
<tr>
<td title='com.APITesting.UserAPIController.TestCase.ApiRequest.deleteUserByNameNegative()'><b>deleteUserByNameNegative</b><br>Test class: com.APITesting.UserAPIController.TestCase.ApiRequest<br>Parameters: Penqui</td>
<td></td>
<td>0</td>
<td>com.APITesting.UserAPIController.TestCase.ApiRequest@4b9df8a</td></tr>
<tr>
<td title='com.APITesting.UserAPIController.TestCase.ApiRequest.deleteUserByNameNegative()'><b>deleteUserByNameNegative</b><br>Test class: com.APITesting.UserAPIController.TestCase.ApiRequest<br>Parameters: ****</td>
<td></td>
<td>0</td>
<td>com.APITesting.UserAPIController.TestCase.ApiRequest@4b9df8a</td></tr>
<tr>
<td title='com.APITesting.UserAPIController.TestCase.ApiRequest.deleteUserByNameNegative()'><b>deleteUserByNameNegative</b><br>Test class: com.APITesting.UserAPIController.TestCase.ApiRequest<br>Parameters: 1234</td>
<td></td>
<td>0</td>
<td>com.APITesting.UserAPIController.TestCase.ApiRequest@4b9df8a</td></tr>
<tr>
<td title='com.APITesting.UserAPIController.TestCase.ApiRequest.getUserByNameNegative()'><b>getUserByNameNegative</b><br>Test class: com.APITesting.UserAPIController.TestCase.ApiRequest<br>Parameters: 0</td>
<td></td>
<td>0</td>
<td>com.APITesting.UserAPIController.TestCase.ApiRequest@4b9df8a</td></tr>
<tr>
<td title='com.APITesting.UserAPIController.TestCase.ApiRequest.deleteUserByIdNegative()'><b>deleteUserByIdNegative</b><br>Test class: com.APITesting.UserAPIController.TestCase.ApiRequest<br>Parameters: ABCD</td>
<td></td>
<td>0</td>
<td>com.APITesting.UserAPIController.TestCase.ApiRequest@4b9df8a</td></tr>
<tr>
<td title='com.APITesting.UserAPIController.TestCase.ApiRequest.deleteUserByIdNegative()'><b>deleteUserByIdNegative</b><br>Test class: com.APITesting.UserAPIController.TestCase.ApiRequest<br>Parameters: ****</td>
<td></td>
<td>0</td>
<td>com.APITesting.UserAPIController.TestCase.ApiRequest@4b9df8a</td></tr>
<tr>
<td title='com.APITesting.UserAPIController.TestCase.ApiRequest.getUserByIdNegative()'><b>getUserByIdNegative</b><br>Test class: com.APITesting.UserAPIController.TestCase.ApiRequest<br>Parameters: 7433</td>
<td></td>
<td>0</td>
<td>com.APITesting.UserAPIController.TestCase.ApiRequest@4b9df8a</td></tr>
<tr>
<td title='com.APITesting.UserAPIController.TestCase.ApiRequest.deleteUserByIdNegative()'><b>deleteUserByIdNegative</b><br>Test class: com.APITesting.UserAPIController.TestCase.ApiRequest<br>Parameters: 0</td>
<td></td>
<td>0</td>
<td>com.APITesting.UserAPIController.TestCase.ApiRequest@4b9df8a</td></tr>
<tr>
<td title='com.APITesting.UserAPIController.TestCase.ApiRequest.getUserByNameNegative()'><b>getUserByNameNegative</b><br>Test class: com.APITesting.UserAPIController.TestCase.ApiRequest<br>Parameters: ****</td>
<td></td>
<td>0</td>
<td>com.APITesting.UserAPIController.TestCase.ApiRequest@4b9df8a</td></tr>
<tr>
<td title='com.APITesting.UserAPIController.TestCase.ApiRequest.deleteUserByNameNegative()'><b>deleteUserByNameNegative</b><br>Test class: com.APITesting.UserAPIController.TestCase.ApiRequest<br>Parameters: 0</td>
<td></td>
<td>0</td>
<td>com.APITesting.UserAPIController.TestCase.ApiRequest@4b9df8a</td></tr>
<tr>
<td title='com.APITesting.UserAPIController.TestCase.ApiRequest.getUserByIdNegative()'><b>getUserByIdNegative</b><br>Test class: com.APITesting.UserAPIController.TestCase.ApiRequest<br>Parameters: ABCD</td>
<td></td>
<td>0</td>
<td>com.APITesting.UserAPIController.TestCase.ApiRequest@4b9df8a</td></tr>
</table><p>
</body>
</html>